(THU.CST) os is loading ...

Special kernel symbols:
  entry  0xc0100036 (phys)
  etext  0xc010a575 (phys)
  edata  0xc0128000 (phys)
  end    0xc012b23c (phys)
Kernel executable memory footprint: 173KB
ebp:0xc0124f38, eip:0xc01009f4 args:0x00010094 0x00000000 0xc0124f68 0xc01000df
    kern/debug/kdebug.c:309: print_stackframe+22
ebp:0xc0124f48, eip:0xc0100d03 args:0x00000000 0x00000000 0x00000000 0xc0124fb8
    kern/debug/kmonitor.c:129: mon_backtrace+10
ebp:0xc0124f68, eip:0xc01000df args:0x00000000 0xc0124f90 0xffff0000 0xc0124f94
    kern/init/init.c:58: grade_backtrace2+33
ebp:0xc0124f88, eip:0xc0100108 args:0x00000000 0xffff0000 0xc0124fb4 0x0000002a
    kern/init/init.c:63: grade_backtrace1+38
ebp:0xc0124fa8, eip:0xc0100126 args:0x00000000 0xc0100036 0xffff0000 0x0000001d
    kern/init/init.c:68: grade_backtrace0+23
ebp:0xc0124fc8, eip:0xc010014b args:0xc010a59c 0xc010a580 0x0000323c 0x00000000
    kern/init/init.c:73: grade_backtrace+34
ebp:0xc0124ff8, eip:0xc010008b args:0xc010a744 0xc010a74c 0xc0100c89 0xc010a76b
    kern/init/init.c:33: kern_init+84
memory management: default_pmm_manager
e820map:
  memory: 0009fc00, [00000000, 0009fbff], type = 1.
  memory: 00000400, [0009fc00, 0009ffff], type = 2.
  memory: 00010000, [000f0000, 000fffff], type = 2.
  memory: 07efe000, [00100000, 07ffdfff], type = 1.
  memory: 00002000, [07ffe000, 07ffffff], type = 2.
  memory: 00040000, [fffc0000, ffffffff], type = 2.
one
check_alloc_page() succeeded!
check_pgdir() succeeded!
check_boot_pgdir() succeeded!
-------------------- BEGIN --------------------
PDE(0e0) c0000000-f8000000 38000000 urw
  |-- PTE(38000) c0000000-f8000000 38000000 -rw
PDE(001) fac00000-fb000000 00400000 -rw
  |-- PTE(000e0) faf00000-fafe0000 000e0000 urw
  |-- PTE(00001) fafeb000-fafec000 00001000 -rw
--------------------- END ---------------------
use SLOB allocator
kmalloc_init() succeeded!
check_vma_struct() succeeded!
page fault at 0x00000100: K/W [no page found].
check_pgfault() succeeded!
check_vmm() succeeded.
kernel panic at kern/process/proc.c:353:
    create init_main failed.

stack trackback:
ebp:0xc0124f68, eip:0xc01009f4 args:0xc010a878 0xc0124fac 0x00000161 0xc0108ef5
    kern/debug/kdebug.c:309: print_stackframe+22
ebp:0xc0124f98, eip:0xc0100d74 args:0xc010c6a1 0x00000161 0xc010c742 0x00007cf3
    kern/debug/panic.c:27: __panic+105
ebp:0xc0124fc8, eip:0xc0109707 args:0xc010a59c 0xc010a580 0x0000323c 0x00000000
    kern/process/proc.c:353: proc_init+292
ebp:0xc0124ff8, eip:0xc01000a4 args:0xc010a744 0xc010a74c 0xc0100c89 0xc010a76b
    kern/init/init.c:41: kern_init+109
Welcome to the kernel debug monitor!!
Type 'help' for a list of commands.
K> 